2023-07-26 17:54:35.732 [info] Log level: Info
2023-07-26 17:54:35.732 [info] Validating found git in: "git"
2023-07-26 17:54:35.732 [info] Using git "2.17.1" from "git"
2023-07-26 17:54:35.732 [info] > git rev-parse --show-toplevel [82ms]
2023-07-26 17:54:35.732 [info] fatal: not a git repository (or any of the parent directories): .git
2023-07-26 17:54:35.732 [info] > git rev-parse --show-toplevel [11ms]
2023-07-26 17:54:35.732 [info] fatal: not a git repository (or any of the parent directories): .git
2023-07-26 17:54:35.732 [info] > git rev-parse --show-toplevel [34ms]
2023-07-26 17:54:35.732 [info] fatal: not a git repository (or any of the parent directories): .git
2023-07-26 17:54:35.732 [info] > git rev-parse --show-toplevel [39ms]
2023-07-26 17:54:35.732 [info] fatal: not a git repository (or any of the parent directories): .git
2023-07-26 17:54:35.910 [info] > git rev-parse --show-toplevel [193ms]
2023-07-26 17:54:35.911 [info] fatal: not a git repository (or any of the parent directories): .git
2023-07-26 17:54:35.939 [info] > git rev-parse --show-toplevel [24ms]
2023-07-26 17:54:35.939 [info] fatal: not a git repository (or any of the parent directories): .git
2023-07-26 17:54:35.967 [info] > git rev-parse --show-toplevel [18ms]
2023-07-26 17:54:36.153 [info] > git rev-parse --git-dir --git-common-dir [179ms]
2023-07-26 17:54:36.196 [info] Open repository: /home/vagrant/Ansible_Learning
2023-07-26 17:54:36.224 [info] > git rev-parse --show-toplevel [20ms]
2023-07-26 17:54:36.239 [info] fatal: not a git repository (or any of the parent directories): .git
2023-07-26 17:54:36.258 [info] > git rev-parse --show-toplevel [6ms]
2023-07-26 17:54:36.262 [info] fatal: not a git repository (or any of the parent directories): .git
2023-07-26 17:54:36.264 [info] > git config --get commit.template [41ms]
2023-07-26 17:54:36.287 [info] > git for-each-ref --format=%(refname)%00%(upstream:short)%00%(objectname)%00%(upstream:track)%00%(upstream:remotename)%00%(upstream:remoteref) refs/heads/main refs/remotes/main [9ms]
2023-07-26 17:54:36.329 [info] > git status -z -uall [33ms]
2023-07-26 17:54:36.439 [info] > git rev-parse --show-toplevel [119ms]
2023-07-26 17:54:36.440 [info] fatal: not a git repository (or any of the parent directories): .git
2023-07-26 17:54:36.448 [info] > git config --get commit.template [10ms]
2023-07-26 17:54:36.557 [info] > git for-each-ref --format=%(refname)%00%(upstream:short)%00%(objectname)%00%(upstream:track)%00%(upstream:remotename)%00%(upstream:remoteref) refs/heads/main refs/remotes/main [96ms]
2023-07-26 17:54:36.585 [info] > git rev-parse --show-toplevel [32ms]
2023-07-26 17:54:36.589 [info] fatal: not a git repository (or any of the parent directories): .git
2023-07-26 17:54:36.609 [info] > git status -z -uall [35ms]
2023-07-26 17:54:36.913 [info] > git rev-parse --show-toplevel [306ms]
2023-07-26 17:54:36.914 [info] fatal: not a git repository (or any of the parent directories): .git
2023-07-26 17:54:36.981 [info] > git rev-parse --show-toplevel [7ms]
2023-07-26 17:54:36.982 [info] fatal: not a git repository (or any of the parent directories): .git
2023-07-26 17:54:37.543 [info] > git check-ignore -v -z --stdin [5ms]
2023-07-26 17:55:10.964 [info] > git config --get commit.template [11ms]
2023-07-26 17:55:10.968 [info] > git for-each-ref --format=%(refname)%00%(upstream:short)%00%(objectname)%00%(upstream:track)%00%(upstream:remotename)%00%(upstream:remoteref) refs/heads/main refs/remotes/main [7ms]
2023-07-26 17:55:10.977 [info] > git status -z -uall [3ms]
2023-07-26 17:56:25.793 [info] > git check-ignore -v -z --stdin [4ms]
2023-07-26 17:56:40.403 [info] > git check-ignore -v -z --stdin [6ms]
2023-07-26 17:56:41.490 [info] > git check-ignore -v -z --stdin [5ms]
