*
* Visual Studio Code Server
*
* By using the software, you agree to
* the Visual Studio Code Server License Terms (https://aka.ms/vscode-server-license) and
* the Microsoft Privacy Statement (https://privacy.microsoft.com/en-US/privacystatement).
*
Server bound to 127.0.0.1:34209 (IPv4)
Extension host agent listening on 34209

[15:26:41] 




[15:26:42] Extension host agent started.
[15:26:42] Started initializing default profile extensions in extensions installation folder. file:///home/vagrant/.vscode-server/extensions
[15:26:42] [127.0.0.1][0bff8a7f][ManagementConnection] New connection established.
[15:26:42] [127.0.0.1][b06fda64][ExtensionHostConnection] New connection established.
[15:26:42] Completed initializing default profile extensions in extensions installation folder. file:///home/vagrant/.vscode-server/extensions
[15:26:42] [127.0.0.1][b06fda64][ExtensionHostConnection] <4952> Launched Extension Host Process.
[IPC Library: Pty Host]  WARN Shell integration cannot be enabled for executable "/bin/sh" and args [
  '-c',
  'wget --version > /dev/null\n' +
    'if [ $? -eq 0 ]\n' +
    'then\n' +
    "\twget --connect-timeout=7 --tries=1 --dns-timeout=7 -q --header='Metadata:true' -O - http://169.254.169.254/metadata/instance?api-version=2019-03-11\n" +
    'else\n' +
    '\tcurl --version > /dev/null\n' +
    '\tif [ $? -eq 0 ]\n' +
    '\tthen\n' +
    "\t\tcurl --connect-timeout 7 -s --header='Metadata:true' http://169.254.169.254/metadata/instance?api-version=2019-03-11\n" +
    '\tfi\n' +
    'fi\n' +
    'exit 0'
]
[IPC Library: Pty Host]  WARN Shell integration cannot be enabled for executable "/bin/sh" and args [
  '-c',
  'wget --version > /dev/null\n' +
    'if [ $? -eq 0 ]\n' +
    'then\n' +
    '\twget --connect-timeout=7 --tries=1 --dns-timeout=7 -q  -O - http://169.254.169.254/latest/meta-data/instance-id\n' +
    'else\n' +
    '\tcurl --version > /dev/null\n' +
    '\tif [ $? -eq 0 ]\n' +
    '\tthen\n' +
    '\t\tcurl --connect-timeout 7 -s  http://169.254.169.254/latest/meta-data/instance-id\n' +
    '\tfi\n' +
    'fi\n' +
    'exit 0'
]
[IPC Library: Pty Host]  WARN Shell integration cannot be enabled for executable "/bin/sh" and args [
  '-c',
  'wget --version > /dev/null\n' +
    'if [ $? -eq 0 ]\n' +
    'then\n' +
    '\twget --connect-timeout=7 --tries=1 --dns-timeout=7 -q  -O - http://169.254.169.254/metadata/v1/id\n' +
    'else\n' +
    '\tcurl --version > /dev/null\n' +
    '\tif [ $? -eq 0 ]\n' +
    '\tthen\n' +
    '\t\tcurl --connect-timeout 7 -s  http://169.254.169.254/metadata/v1/id\n' +
    '\tfi\n' +
    'fi\n' +
    'exit 0'
]
[IPC Library: Pty Host]  WARN Shell integration cannot be enabled for executable "/bin/sh" and args [
  '-c',
  'wget --version > /dev/null\n' +
    'if [ $? -eq 0 ]\n' +
    'then\n' +
    "\twget --connect-timeout=7 --tries=1 --dns-timeout=7 -q --header='Metadata-Flavor:Google' -O - http://metadata.google.internal/computeMetadata/v1/instance/id\n" +
    'else\n' +
    '\tcurl --version > /dev/null\n' +
    '\tif [ $? -eq 0 ]\n' +
    '\tthen\n' +
    "\t\tcurl --connect-timeout 7 -s --header='Metadata-Flavor:Google' http://metadata.google.internal/computeMetadata/v1/instance/id\n" +
    '\tfi\n' +
    'fi\n' +
    'exit 0'
]
[15:27:42] [127.0.0.1][0bff8a7f][ManagementConnection] The client has disconnected gracefully, so the connection will be disposed.
[15:27:42] [127.0.0.1][b06fda64][ExtensionHostConnection] <4952> Extension Host Process exited with code: 0, signal: null.
Cancelling previous shutdown timeout
[15:27:42] Cancelling previous shutdown timeout
Last EH closed, waiting before shutting down
[15:27:42] Last EH closed, waiting before shutting down
Got delay-shutdown request while in shutdown timeout, delaying
[15:27:53] Got delay-shutdown request while in shutdown timeout, delaying
Cancelling previous shutdown timeout
[15:27:53] Cancelling previous shutdown timeout
[15:27:53] [127.0.0.1][d136c6e6][ManagementConnection] New connection established.
[15:27:53] [127.0.0.1][17aca351][ExtensionHostConnection] New connection established.
[15:27:53] [127.0.0.1][17aca351][ExtensionHostConnection] <5184> Launched Extension Host Process.
rejected promise not handled within 1 second: CodeExpectedError: Could not find pty on pty host
stack trace: CodeExpectedError: Could not find pty on pty host
    at g.O (/home/vagrant/.vscode-server/bin/74f6148eb9ea00507ec113ec51c489d6ffb4b771/out/vs/platform/terminal/node/ptyHostMain.js:28:7243)
    at g.updateTitle (/home/vagrant/.vscode-server/bin/74f6148eb9ea00507ec113ec51c489d6ffb4b771/out/vs/platform/terminal/node/ptyHostMain.js:28:2685)
    at g.Q.<computed> (/home/vagrant/.vscode-server/bin/74f6148eb9ea00507ec113ec51c489d6ffb4b771/out/vs/platform/terminal/node/ptyHostMain.js:27:22460)
    at Object.call (/home/vagrant/.vscode-server/bin/74f6148eb9ea00507ec113ec51c489d6ffb4b771/out/vs/platform/terminal/node/ptyHostMain.js:17:4866)
    at u.s (/home/vagrant/.vscode-server/bin/74f6148eb9ea00507ec113ec51c489d6ffb4b771/out/vs/platform/terminal/node/ptyHostMain.js:15:5150)
    at u.q (/home/vagrant/.vscode-server/bin/74f6148eb9ea00507ec113ec51c489d6ffb4b771/out/vs/platform/terminal/node/ptyHostMain.js:15:4661)
    at i.value (/home/vagrant/.vscode-server/bin/74f6148eb9ea00507ec113ec51c489d6ffb4b771/out/vs/platform/terminal/node/ptyHostMain.js:15:4066)
    at E.w (/home/vagrant/.vscode-server/bin/74f6148eb9ea00507ec113ec51c489d6ffb4b771/out/vs/platform/terminal/node/ptyHostMain.js:10:1902)
    at E.fire (/home/vagrant/.vscode-server/bin/74f6148eb9ea00507ec113ec51c489d6ffb4b771/out/vs/platform/terminal/node/ptyHostMain.js:10:2119)
    at process.G (/home/vagrant/.vscode-server/bin/74f6148eb9ea00507ec113ec51c489d6ffb4b771/out/vs/platform/terminal/node/ptyHostMain.js:8:27085)
    at process.emit (node:events:513:28)
    at emit (node:internal/child_process:939:14)
    at processTicksAndRejections (node:internal/process/task_queues:84:21)
[15:27:57] Error [CodeExpectedError]: Could not find pty on pty host
    at g.O (/home/vagrant/.vscode-server/bin/74f6148eb9ea00507ec113ec51c489d6ffb4b771/out/vs/platform/terminal/node/ptyHostMain.js:28:7243)
    at g.updateTitle (/home/vagrant/.vscode-server/bin/74f6148eb9ea00507ec113ec51c489d6ffb4b771/out/vs/platform/terminal/node/ptyHostMain.js:28:2685)
    at g.Q.<computed> (/home/vagrant/.vscode-server/bin/74f6148eb9ea00507ec113ec51c489d6ffb4b771/out/vs/platform/terminal/node/ptyHostMain.js:27:22460)
    at Object.call (/home/vagrant/.vscode-server/bin/74f6148eb9ea00507ec113ec51c489d6ffb4b771/out/vs/platform/terminal/node/ptyHostMain.js:17:4866)
    at u.s (/home/vagrant/.vscode-server/bin/74f6148eb9ea00507ec113ec51c489d6ffb4b771/out/vs/platform/terminal/node/ptyHostMain.js:15:5150)
    at u.q (/home/vagrant/.vscode-server/bin/74f6148eb9ea00507ec113ec51c489d6ffb4b771/out/vs/platform/terminal/node/ptyHostMain.js:15:4661)
    at i.value (/home/vagrant/.vscode-server/bin/74f6148eb9ea00507ec113ec51c489d6ffb4b771/out/vs/platform/terminal/node/ptyHostMain.js:15:4066)
    at E.w (/home/vagrant/.vscode-server/bin/74f6148eb9ea00507ec113ec51c489d6ffb4b771/out/vs/platform/terminal/node/ptyHostMain.js:10:1902)
    at E.fire (/home/vagrant/.vscode-server/bin/74f6148eb9ea00507ec113ec51c489d6ffb4b771/out/vs/platform/terminal/node/ptyHostMain.js:10:2119)
    at process.G (/home/vagrant/.vscode-server/bin/74f6148eb9ea00507ec113ec51c489d6ffb4b771/out/vs/platform/terminal/node/ptyHostMain.js:8:27085)
    at process.emit (node:events:513:28)
    at emit (node:internal/child_process:939:14)
    at processTicksAndRejections (node:internal/process/task_queues:84:21)
[IPC Library: Pty Host]  WARN Shell integration cannot be enabled for executable "/bin/sh" and args [
  '-c',
  'wget --version > /dev/null\n' +
    'if [ $? -eq 0 ]\n' +
    'then\n' +
    "\twget --connect-timeout=7 --tries=1 --dns-timeout=7 -q --header='Metadata:true' -O - http://169.254.169.254/metadata/instance?api-version=2019-03-11\n" +
    'else\n' +
    '\tcurl --version > /dev/null\n' +
    '\tif [ $? -eq 0 ]\n' +
    '\tthen\n' +
    "\t\tcurl --connect-timeout 7 -s --header='Metadata:true' http://169.254.169.254/metadata/instance?api-version=2019-03-11\n" +
    '\tfi\n' +
    'fi\n' +
    'exit 0'
]
[IPC Library: Pty Host]  WARN Shell integration cannot be enabled for executable "/bin/sh" and args [
  '-c',
  'wget --version > /dev/null\n' +
    'if [ $? -eq 0 ]\n' +
    'then\n' +
    '\twget --connect-timeout=7 --tries=1 --dns-timeout=7 -q  -O - http://169.254.169.254/latest/meta-data/instance-id\n' +
    'else\n' +
    '\tcurl --version > /dev/null\n' +
    '\tif [ $? -eq 0 ]\n' +
    '\tthen\n' +
    '\t\tcurl --connect-timeout 7 -s  http://169.254.169.254/latest/meta-data/instance-id\n' +
    '\tfi\n' +
    'fi\n' +
    'exit 0'
]
[IPC Library: Pty Host]  WARN Shell integration cannot be enabled for executable "/bin/sh" and args [
  '-c',
  'wget --version > /dev/null\n' +
    'if [ $? -eq 0 ]\n' +
    'then\n' +
    '\twget --connect-timeout=7 --tries=1 --dns-timeout=7 -q  -O - http://169.254.169.254/metadata/v1/id\n' +
    'else\n' +
    '\tcurl --version > /dev/null\n' +
    '\tif [ $? -eq 0 ]\n' +
    '\tthen\n' +
    '\t\tcurl --connect-timeout 7 -s  http://169.254.169.254/metadata/v1/id\n' +
    '\tfi\n' +
    'fi\n' +
    'exit 0'
]
[IPC Library: Pty Host]  WARN Shell integration cannot be enabled for executable "/bin/sh" and args [
  '-c',
  'wget --version > /dev/null\n' +
    'if [ $? -eq 0 ]\n' +
    'then\n' +
    "\twget --connect-timeout=7 --tries=1 --dns-timeout=7 -q --header='Metadata-Flavor:Google' -O - http://metadata.google.internal/computeMetadata/v1/instance/id\n" +
    'else\n' +
    '\tcurl --version > /dev/null\n' +
    '\tif [ $? -eq 0 ]\n' +
    '\tthen\n' +
    "\t\tcurl --connect-timeout 7 -s --header='Metadata-Flavor:Google' http://metadata.google.internal/computeMetadata/v1/instance/id\n" +
    '\tfi\n' +
    'fi\n' +
    'exit 0'
]
New EH opened, aborting shutdown
[15:32:53] New EH opened, aborting shutdown
[17:54:31] [127.0.0.1][0bbc2083][ManagementConnection] New connection established.
[17:54:31] [127.0.0.1][b4f654cd][ExtensionHostConnection] New connection established.
[17:54:31] [127.0.0.1][b4f654cd][ExtensionHostConnection] <25182> Launched Extension Host Process.
[IPC Library: Pty Host]  INFO Expanding terminal instance, old id 10 -> new id undefined
[IPC Library: Pty Host]  WARN Shell integration cannot be enabled for executable "/bin/sh" and args [
  '-c',
  'wget --version > /dev/null\n' +
    'if [ $? -eq 0 ]\n' +
    'then\n' +
    "\twget --connect-timeout=7 --tries=1 --dns-timeout=7 -q --header='Metadata:true' -O - http://169.254.169.254/metadata/instance?api-version=2019-03-11\n" +
    'else\n' +
    '\tcurl --version > /dev/null\n' +
    '\tif [ $? -eq 0 ]\n' +
    '\tthen\n' +
    "\t\tcurl --connect-timeout 7 -s --header='Metadata:true' http://169.254.169.254/metadata/instance?api-version=2019-03-11\n" +
    '\tfi\n' +
    'fi\n' +
    'exit 0'
]
[IPC Library: Pty Host]  WARN Shell integration cannot be enabled for executable "/bin/sh" and args [
  '-c',
  'wget --version > /dev/null\n' +
    'if [ $? -eq 0 ]\n' +
    'then\n' +
    '\twget --connect-timeout=7 --tries=1 --dns-timeout=7 -q  -O - http://169.254.169.254/latest/meta-data/instance-id\n' +
    'else\n' +
    '\tcurl --version > /dev/null\n' +
    '\tif [ $? -eq 0 ]\n' +
    '\tthen\n' +
    '\t\tcurl --connect-timeout 7 -s  http://169.254.169.254/latest/meta-data/instance-id\n' +
    '\tfi\n' +
    'fi\n' +
    'exit 0'
]
[IPC Library: Pty Host]  WARN Shell integration cannot be enabled for executable "/bin/sh" and args [
  '-c',
  'wget --version > /dev/null\n' +
    'if [ $? -eq 0 ]\n' +
    'then\n' +
    '\twget --connect-timeout=7 --tries=1 --dns-timeout=7 -q  -O - http://169.254.169.254/metadata/v1/id\n' +
    'else\n' +
    '\tcurl --version > /dev/null\n' +
    '\tif [ $? -eq 0 ]\n' +
    '\tthen\n' +
    '\t\tcurl --connect-timeout 7 -s  http://169.254.169.254/metadata/v1/id\n' +
    '\tfi\n' +
    'fi\n' +
    'exit 0'
]
[IPC Library: Pty Host]  WARN Shell integration cannot be enabled for executable "/bin/sh" and args [
  '-c',
  'wget --version > /dev/null\n' +
    'if [ $? -eq 0 ]\n' +
    'then\n' +
    "\twget --connect-timeout=7 --tries=1 --dns-timeout=7 -q --header='Metadata-Flavor:Google' -O - http://metadata.google.internal/computeMetadata/v1/instance/id\n" +
    'else\n' +
    '\tcurl --version > /dev/null\n' +
    '\tif [ $? -eq 0 ]\n' +
    '\tthen\n' +
    "\t\tcurl --connect-timeout 7 -s --header='Metadata-Flavor:Google' http://metadata.google.internal/computeMetadata/v1/instance/id\n" +
    '\tfi\n' +
    'fi\n' +
    'exit 0'
]
[IPC Library: Pty Host]  WARN Persistent process "10": Process had no disconnect runners but was an orphan
[IPC Library: Pty Host]  INFO Persistent process reconnection "10"
[IPC Library: Pty Host]  INFO Persistent process "10": Replaying 6936 chars and 1 size events
